2021-09-04 01:51:51,715:INFO:PyCaret NLP Module
2021-09-04 01:51:51,715:INFO:version 2.2.3
2021-09-04 01:51:51,715:INFO:Initializing setup()
2021-09-04 01:51:51,716:INFO:USI: 7533
2021-09-04 01:51:51,716:INFO:setup(data=(1172, 3), target=article, custom_stopwords=None, html=True, session_id=123, log_experiment=False,
                    experiment_name=None, log_plots=False, log_data=False, verbose=True)
2021-09-04 01:51:51,716:INFO:Checking environment
2021-09-04 01:51:51,716:INFO:python_version: 3.7.4
2021-09-04 01:51:51,716:INFO:python_build: ('default', 'Aug 13 2019 15:17:50')
2021-09-04 01:51:51,716:INFO:machine: x86_64
2021-09-04 01:51:51,716:INFO:platform: Darwin-19.6.0-x86_64-i386-64bit
2021-09-04 01:51:51,716:INFO:Memory: svmem(total=8589934592, available=2477297664, percent=71.2, used=5442736128, free=413523968, active=2307100672, inactive=1876271104, wired=3135635456)
2021-09-04 01:51:51,716:INFO:Physical Core: 2
2021-09-04 01:51:51,716:INFO:Logical Core: 4
2021-09-04 01:51:51,716:INFO:Checking libraries
2021-09-04 01:51:51,717:INFO:pd==1.2.1
2021-09-04 01:51:51,717:INFO:numpy==1.19.2
2021-09-04 01:51:51,717:INFO:gensim==3.8.3
2021-09-04 01:51:51,717:INFO:spacy==2.3.5
2021-09-04 01:51:51,717:INFO:nltk==3.5
2021-09-04 01:51:51,761:INFO:textblob==0.15.3
2021-09-04 01:51:51,831:INFO:pyLDAvis==2.1.2
2021-09-04 01:51:51,875:INFO:wordcloud==1.8.1
2021-09-04 01:51:52,669:INFO:mlflow==1.13.1
2021-09-04 01:51:52,669:INFO:Checking Exceptions
2021-09-04 01:52:06,464:INFO:PyCaret NLP Module
2021-09-04 01:52:06,464:INFO:version 2.2.3
2021-09-04 01:52:06,464:INFO:Initializing setup()
2021-09-04 01:52:06,465:INFO:USI: 3bbd
2021-09-04 01:52:06,465:INFO:setup(data=(196, 4), target=sentence3, custom_stopwords=None, html=True, session_id=123, log_experiment=False,
                    experiment_name=None, log_plots=False, log_data=False, verbose=True)
2021-09-04 01:52:06,465:INFO:Checking environment
2021-09-04 01:52:06,465:INFO:python_version: 3.7.4
2021-09-04 01:52:06,465:INFO:python_build: ('default', 'Aug 13 2019 15:17:50')
2021-09-04 01:52:06,465:INFO:machine: x86_64
2021-09-04 01:52:06,466:INFO:platform: Darwin-19.6.0-x86_64-i386-64bit
2021-09-04 01:52:06,466:INFO:Memory: svmem(total=8589934592, available=2982232064, percent=65.3, used=4933033984, free=1047007232, active=1801871360, inactive=1743233024, wired=3131162624)
2021-09-04 01:52:06,466:INFO:Physical Core: 2
2021-09-04 01:52:06,466:INFO:Logical Core: 4
2021-09-04 01:52:06,466:INFO:Checking libraries
2021-09-04 01:52:06,466:INFO:pd==1.2.1
2021-09-04 01:52:06,466:INFO:numpy==1.19.2
2021-09-04 01:52:06,466:INFO:gensim==3.8.3
2021-09-04 01:52:06,466:INFO:spacy==2.3.5
2021-09-04 01:52:06,466:INFO:nltk==3.5
2021-09-04 01:52:06,466:INFO:textblob==0.15.3
2021-09-04 01:52:06,466:INFO:pyLDAvis==2.1.2
2021-09-04 01:52:06,467:INFO:wordcloud==1.8.1
2021-09-04 01:52:06,467:INFO:mlflow==1.13.1
2021-09-04 01:52:06,467:INFO:Checking Exceptions
2021-09-04 01:52:07,078:INFO:Preloading libraries
2021-09-04 01:52:07,078:INFO:Preparing display monitor
2021-09-04 01:52:07,096:INFO:Importing libraries
2021-09-04 01:52:07,097:INFO:Declaring global variables
2021-09-04 01:52:07,097:INFO:Input provided : dataframe
2021-09-04 01:52:07,097:INFO:session_id set to : 123
2021-09-04 01:52:07,097:INFO:Copying training dataset
2021-09-04 01:52:07,098:INFO:Importing stopwords from nltk
2021-09-04 01:52:07,393:INFO:No custom stopwords defined
2021-09-04 01:52:07,394:INFO:Removing numeric characters from the text
2021-09-04 01:52:07,400:INFO:Removing special characters from the text
2021-09-04 01:52:07,414:INFO:Tokenizing Words
2021-09-04 01:52:07,426:INFO:Removing stopwords
2021-09-04 01:52:07,434:INFO:Extracting Bigrams
2021-09-04 01:52:07,462:INFO:Extracting Trigrams
2021-09-04 01:52:07,492:INFO:Lemmatizing tokens
2021-09-04 01:52:08,615:INFO:Removing stopwords after lemmatizing
2021-09-04 01:52:08,622:INFO:Creating corpus and dictionary
2021-09-04 01:52:08,635:INFO:Compiling processed text
2021-09-04 01:52:08,636:INFO:Compiling information grid
2021-09-04 01:52:08,670:INFO:setup() succesfully completed......................................
2021-09-04 01:52:11,159:INFO:Initializing plot_model()
2021-09-04 01:52:11,160:INFO:plot_model(model=None, plot=frequency, topic_num=None, save=False, system=True)
2021-09-04 01:52:11,160:INFO:Checking exceptions
2021-09-04 01:52:11,160:INFO:Importing libraries
2021-09-04 01:52:13,937:INFO:save_param set to False
2021-09-04 01:52:13,937:INFO:plot type: frequency
2021-09-04 01:52:13,937:INFO:Rendering Visual
2021-09-04 01:52:13,937:WARNING:topic_num set to None. Plot generated at corpus level.
2021-09-04 01:52:13,938:INFO:Fitting CountVectorizer()
2021-09-04 01:52:15,690:INFO:Visual Rendered Successfully
2021-09-04 01:52:15,690:INFO:plot_model() succesfully completed......................................
2021-09-04 01:52:22,360:INFO:Initializing plot_model()
2021-09-04 01:52:22,361:INFO:plot_model(model=None, plot=bigram, topic_num=None, save=False, system=True)
2021-09-04 01:52:22,361:INFO:Checking exceptions
2021-09-04 01:52:22,361:INFO:Importing libraries
2021-09-04 01:52:22,367:INFO:save_param set to False
2021-09-04 01:52:22,367:INFO:plot type: bigram
2021-09-04 01:52:22,367:WARNING:topic_num set to None. Plot generated at corpus level.
2021-09-04 01:52:22,367:INFO:Fitting CountVectorizer()
2021-09-04 01:52:22,373:INFO:Rendering Visual
2021-09-04 01:52:22,410:INFO:Visual Rendered Successfully
2021-09-04 01:52:22,411:INFO:plot_model() succesfully completed......................................
